2024-12-20 23:39:38,545 CRIT Supervisor is running as root.  Privileges were not dropped because no user is specified in the config file.  If you intend to run as root, you can set user=root in the config file to avoid this message.
2024-12-20 23:39:38,548 INFO supervisord started with pid 1
2024-12-20 23:39:39,553 INFO spawned: 'celery_worker1' with pid 7
2024-12-20 23:39:39,555 INFO spawned: 'celery_worker2' with pid 8
2024-12-20 23:39:49,848 INFO success: celery_worker1 entered RUNNING state, process has stayed up for > than 10 seconds (startsecs)
2024-12-20 23:39:49,848 INFO success: celery_worker2 entered RUNNING state, process has stayed up for > than 10 seconds (startsecs)
2024-12-20 23:40:03,863 WARN received SIGTERM indicating exit request
2024-12-20 23:40:03,863 INFO waiting for celery_worker1, celery_worker2 to die
2024-12-20 23:40:04,986 INFO stopped: celery_worker2 (exit status 0)
2024-12-20 23:40:05,975 INFO stopped: celery_worker1 (exit status 0)
2024-12-20 23:47:52,208 CRIT Supervisor is running as root.  Privileges were not dropped because no user is specified in the config file.  If you intend to run as root, you can set user=root in the config file to avoid this message.
2024-12-20 23:47:52,209 INFO supervisord started with pid 1
2024-12-20 23:47:53,212 INFO spawned: 'celery_worker1' with pid 7
2024-12-20 23:47:53,214 INFO spawned: 'celery_worker2' with pid 8
2024-12-20 23:47:54,420 WARN received SIGTERM indicating exit request
2024-12-20 23:47:54,420 INFO waiting for celery_worker1, celery_worker2 to die
2024-12-20 23:47:54,423 WARN stopped: celery_worker2 (terminated by SIGTERM)
2024-12-20 23:47:54,426 WARN stopped: celery_worker1 (terminated by SIGTERM)
2024-12-20 23:48:32,040 CRIT Supervisor is running as root.  Privileges were not dropped because no user is specified in the config file.  If you intend to run as root, you can set user=root in the config file to avoid this message.
2024-12-20 23:48:32,043 INFO supervisord started with pid 1
2024-12-20 23:48:33,044 INFO spawned: 'celery_worker1' with pid 7
2024-12-20 23:48:33,046 INFO spawned: 'celery_worker2' with pid 8
2024-12-20 23:48:41,280 WARN received SIGTERM indicating exit request
2024-12-20 23:48:41,280 INFO waiting for celery_worker1, celery_worker2 to die
2024-12-20 23:48:42,406 INFO stopped: celery_worker2 (exit status 0)
2024-12-20 23:48:43,405 INFO stopped: celery_worker1 (exit status 0)
2024-12-21 00:03:36,529 CRIT Supervisor is running as root.  Privileges were not dropped because no user is specified in the config file.  If you intend to run as root, you can set user=root in the config file to avoid this message.
2024-12-21 00:03:36,532 INFO supervisord started with pid 1
2024-12-21 00:03:37,536 INFO spawned: 'celery_worker1' with pid 7
2024-12-21 00:03:37,539 INFO spawned: 'celery_worker2' with pid 8
2024-12-21 00:03:47,852 INFO success: celery_worker1 entered RUNNING state, process has stayed up for > than 10 seconds (startsecs)
2024-12-21 00:03:47,852 INFO success: celery_worker2 entered RUNNING state, process has stayed up for > than 10 seconds (startsecs)
2024-12-21 00:03:48,853 WARN received SIGTERM indicating exit request
2024-12-21 00:03:48,853 INFO waiting for celery_worker1, celery_worker2 to die
2024-12-21 00:03:49,980 INFO stopped: celery_worker2 (exit status 0)
2024-12-21 00:03:50,975 INFO stopped: celery_worker1 (exit status 0)
2024-12-21 00:08:02,308 CRIT Supervisor is running as root.  Privileges were not dropped because no user is specified in the config file.  If you intend to run as root, you can set user=root in the config file to avoid this message.
2024-12-21 00:08:02,310 INFO supervisord started with pid 1
2024-12-21 00:08:03,312 INFO spawned: 'celery_worker1' with pid 7
2024-12-21 00:08:03,315 INFO spawned: 'celery_worker2' with pid 8
2024-12-21 00:08:13,645 INFO success: celery_worker1 entered RUNNING state, process has stayed up for > than 10 seconds (startsecs)
2024-12-21 00:08:13,645 INFO success: celery_worker2 entered RUNNING state, process has stayed up for > than 10 seconds (startsecs)
2024-12-21 00:08:31,665 WARN received SIGTERM indicating exit request
2024-12-21 00:08:31,665 INFO waiting for celery_worker1, celery_worker2 to die
2024-12-21 00:08:32,820 INFO stopped: celery_worker2 (exit status 0)
2024-12-21 00:08:33,792 INFO stopped: celery_worker1 (exit status 0)
2024-12-21 00:17:22,333 CRIT Supervisor is running as root.  Privileges were not dropped because no user is specified in the config file.  If you intend to run as root, you can set user=root in the config file to avoid this message.
2024-12-21 00:17:22,335 INFO supervisord started with pid 1
2024-12-21 00:17:23,339 INFO spawned: 'celery_worker1' with pid 7
2024-12-21 00:17:23,341 INFO spawned: 'celery_worker2' with pid 8
2024-12-21 00:17:33,628 INFO success: celery_worker1 entered RUNNING state, process has stayed up for > than 10 seconds (startsecs)
2024-12-21 00:17:33,628 INFO success: celery_worker2 entered RUNNING state, process has stayed up for > than 10 seconds (startsecs)
2024-12-21 00:17:38,635 WARN received SIGTERM indicating exit request
2024-12-21 00:17:38,635 INFO waiting for celery_worker1, celery_worker2 to die
2024-12-21 00:17:39,770 INFO stopped: celery_worker2 (exit status 0)
2024-12-21 00:17:40,746 INFO stopped: celery_worker1 (exit status 0)
2024-12-21 00:19:10,078 CRIT Supervisor is running as root.  Privileges were not dropped because no user is specified in the config file.  If you intend to run as root, you can set user=root in the config file to avoid this message.
2024-12-21 00:19:10,080 INFO supervisord started with pid 1
2024-12-21 00:19:11,084 INFO spawned: 'celery_worker1' with pid 7
2024-12-21 00:19:11,090 INFO spawned: 'celery_worker2' with pid 8
2024-12-21 00:19:21,703 INFO success: celery_worker1 entered RUNNING state, process has stayed up for > than 10 seconds (startsecs)
2024-12-21 00:19:21,703 INFO success: celery_worker2 entered RUNNING state, process has stayed up for > than 10 seconds (startsecs)
2024-12-21 00:20:04,754 WARN received SIGTERM indicating exit request
2024-12-21 00:20:04,754 INFO waiting for celery_worker1, celery_worker2 to die
2024-12-21 00:20:05,910 INFO stopped: celery_worker2 (exit status 0)
2024-12-21 00:20:06,912 INFO stopped: celery_worker1 (exit status 0)
2024-12-21 00:22:11,071 CRIT Supervisor is running as root.  Privileges were not dropped because no user is specified in the config file.  If you intend to run as root, you can set user=root in the config file to avoid this message.
2024-12-21 00:22:11,073 INFO supervisord started with pid 1
2024-12-21 00:22:12,077 INFO spawned: 'celery_worker1' with pid 7
2024-12-21 00:22:12,080 INFO spawned: 'celery_worker2' with pid 8
2024-12-21 00:22:22,514 INFO success: celery_worker1 entered RUNNING state, process has stayed up for > than 10 seconds (startsecs)
2024-12-21 00:22:22,515 INFO success: celery_worker2 entered RUNNING state, process has stayed up for > than 10 seconds (startsecs)
2024-12-21 00:27:29,036 CRIT Supervisor is running as root.  Privileges were not dropped because no user is specified in the config file.  If you intend to run as root, you can set user=root in the config file to avoid this message.
2024-12-21 00:27:29,039 INFO supervisord started with pid 1
2024-12-21 00:27:30,041 INFO spawned: 'celery_worker1' with pid 7
2024-12-21 00:27:30,045 INFO spawned: 'celery_worker2' with pid 8
2024-12-21 00:27:40,362 INFO success: celery_worker1 entered RUNNING state, process has stayed up for > than 10 seconds (startsecs)
2024-12-21 00:27:40,362 INFO success: celery_worker2 entered RUNNING state, process has stayed up for > than 10 seconds (startsecs)
2024-12-21 00:40:36,938 WARN received SIGTERM indicating exit request
2024-12-21 00:40:36,938 INFO waiting for celery_worker1, celery_worker2 to die
2024-12-21 00:40:37,878 INFO stopped: celery_worker2 (exit status 0)
2024-12-21 00:40:38,892 INFO stopped: celery_worker1 (exit status 0)
2024-12-21 01:16:12,192 CRIT Supervisor is running as root.  Privileges were not dropped because no user is specified in the config file.  If you intend to run as root, you can set user=root in the config file to avoid this message.
2024-12-21 01:16:12,194 INFO supervisord started with pid 1
2024-12-21 01:16:13,199 INFO spawned: 'celery_worker1' with pid 7
2024-12-21 01:16:13,202 INFO spawned: 'celery_worker2' with pid 8
2024-12-21 01:16:23,849 INFO success: celery_worker1 entered RUNNING state, process has stayed up for > than 10 seconds (startsecs)
2024-12-21 01:16:23,849 INFO success: celery_worker2 entered RUNNING state, process has stayed up for > than 10 seconds (startsecs)
2024-12-21 01:18:19,085 WARN received SIGTERM indicating exit request
2024-12-21 01:18:19,085 INFO waiting for celery_worker1, celery_worker2 to die
2024-12-21 01:18:19,534 INFO stopped: celery_worker2 (exit status 0)
2024-12-21 01:18:20,560 INFO stopped: celery_worker1 (exit status 0)
